0 info it worked if it ends with ok
1 verbose cli [ '/usr/bin/nodejs', '/usr/bin/npm', 'install', 'npm', '-g' ]
2 info using npm@1.4.21
3 info using node@v0.10.25
4 verbose cache add [ 'npm', null ]
5 verbose cache add name=undefined spec="npm" args=["npm",null]
6 verbose parsed url { protocol: null,
6 verbose parsed url   slashes: null,
6 verbose parsed url   auth: null,
6 verbose parsed url   host: null,
6 verbose parsed url   port: null,
6 verbose parsed url   hostname: null,
6 verbose parsed url   hash: null,
6 verbose parsed url   search: null,
6 verbose parsed url   query: null,
6 verbose parsed url   pathname: 'npm',
6 verbose parsed url   path: 'npm',
6 verbose parsed url   href: 'npm' }
7 silly lockFile 660051d1-npm npm
8 verbose lock npm /home/cameron/.npm/660051d1-npm.lock
9 silly lockFile 660051d1-npm npm
10 silly lockFile 660051d1-npm npm
11 verbose addNamed [ 'npm', '' ]
12 verbose addNamed [ null, '*' ]
13 silly lockFile 2f990b75-npm npm@
14 verbose lock npm@ /home/cameron/.npm/2f990b75-npm.lock
15 silly addNameRange { name: 'npm', range: '*', hasData: false }
16 verbose request where is /npm
17 verbose request registry https://registry.npmjs.org/
18 verbose request id 5acf6db7626f91db
19 verbose url raw /npm
20 verbose url resolving [ 'https://registry.npmjs.org/', './npm' ]
21 verbose url resolved https://registry.npmjs.org/npm
22 verbose request where is https://registry.npmjs.org/npm
23 info trying registry request attempt 1 at 11:17:58
24 http GET https://registry.npmjs.org/npm
25 http 200 https://registry.npmjs.org/npm
26 silly registry.get cb [ 200,
26 silly registry.get   { date: 'Fri, 30 Jan 2015 16:17:58 GMT',
26 silly registry.get     server: 'CouchDB/1.5.0 (Erlang OTP/R16B03)',
26 silly registry.get     etag: '"87V2S0ISP5UDQQ66S9LC2O4BS"',
26 silly registry.get     'content-type': 'application/json',
26 silly registry.get     'cache-control': 'max-age=60',
26 silly registry.get     'content-length': '1928947',
26 silly registry.get     'accept-ranges': 'bytes',
26 silly registry.get     via: '1.1 varnish',
26 silly registry.get     age: '48',
26 silly registry.get     'x-served-by': 'cache-atl6234-ATL',
26 silly registry.get     'x-cache': 'HIT',
26 silly registry.get     'x-cache-hits': '1',
26 silly registry.get     'x-timer': 'S1422634678.737678,VS0,VE24',
26 silly registry.get     vary: 'Accept',
26 silly registry.get     'keep-alive': 'timeout=10, max=50',
26 silly registry.get     connection: 'Keep-Alive' } ]
27 silly addNameRange number 2 { name: 'npm', range: '*', hasData: true }
28 silly addNameRange versions [ 'npm',
28 silly addNameRange   [ '1.1.25',
28 silly addNameRange     '1.2.32',
28 silly addNameRange     '1.3.2',
28 silly addNameRange     '1.3.4',
28 silly addNameRange     '1.2.20',
28 silly addNameRange     '1.2.21',
28 silly addNameRange     '1.2.22',
28 silly addNameRange     '1.2.23',
28 silly addNameRange     '1.2.24',
28 silly addNameRange     '1.2.25',
28 silly addNameRange     '1.2.27',
28 silly addNameRange     '1.2.28',
28 silly addNameRange     '1.2.30',
28 silly addNameRange     '1.2.31',
28 silly addNameRange     '1.3.0',
28 silly addNameRange     '1.3.1',
28 silly addNameRange     '1.2.19',
28 silly addNameRange     '1.1.70',
28 silly addNameRange     '1.1.71',
28 silly addNameRange     '1.3.5',
28 silly addNameRange     '1.3.6',
28 silly addNameRange     '1.3.7',
28 silly addNameRange     '1.3.8',
28 silly addNameRange     '1.3.9',
28 silly addNameRange     '1.3.10',
28 silly addNameRange     '1.3.11',
28 silly addNameRange     '1.3.12',
28 silly addNameRange     '1.3.13',
28 silly addNameRange     '1.3.14',
28 silly addNameRange     '1.3.15',
28 silly addNameRange     '1.3.16',
28 silly addNameRange     '1.3.17',
28 silly addNameRange     '1.3.18',
28 silly addNameRange     '1.3.20',
28 silly addNameRange     '1.3.21',
28 silly addNameRange     '1.3.22',
28 silly addNameRange     '1.3.23',
28 silly addNameRange     '1.3.24',
28 silly addNameRange     '1.3.25',
28 silly addNameRange     '1.3.26',
28 silly addNameRange     '1.4.0',
28 silly addNameRange     '1.4.1',
28 silly addNameRange     '1.4.2',
28 silly addNameRange     '1.4.3',
28 silly addNameRange     '1.4.4',
28 silly addNameRange     '1.4.5',
28 silly addNameRange     '1.4.6',
28 silly addNameRange     '1.4.7',
28 silly addNameRange     '1.4.8',
28 silly addNameRange     '1.4.9',
28 silly addNameRange     '1.4.10',
28 silly addNameRange     '1.4.11',
28 silly addNameRange     '1.4.12',
28 silly addNameRange     '1.4.13',
28 silly addNameRange     '1.4.14',
28 silly addNameRange     '1.4.15',
28 silly addNameRange     '1.4.16',
28 silly addNameRange     '1.2.8000',
28 silly addNameRange     '1.4.17',
28 silly addNameRange     '1.4.18',
28 silly addNameRange     '1.4.19',
28 silly addNameRange     '1.5.0-alpha-0',
28 silly addNameRange     '1.5.0-alpha-1',
28 silly addNameRange     '1.4.20',
28 silly addNameRange     '1.5.0-alpha-2',
28 silly addNameRange     '1.4.21',
28 silly addNameRange     '1.5.0-alpha-3',
28 silly addNameRange     '1.5.0-alpha-4',
28 silly addNameRange     '2.0.0-alpha-5',
28 silly addNameRange     '1.4.22',
28 silly addNameRange     '1.4.23',
28 silly addNameRange     '2.0.0-alpha.6.0',
28 silly addNameRange     '1.4.24',
28 silly addNameRange     '2.0.0-alpha.6',
28 silly addNameRange     '2.0.0-alpha.7',
28 silly addNameRange     '2.0.0-beta.0',
28 silly addNameRange     '1.4.25',
28 silly addNameRange     '2.0.0-beta.1',
28 silly addNameRange     '1.4.26',
28 silly addNameRange     '2.0.0-beta.2',
28 silly addNameRange     '1.4.27',
28 silly addNameRange     '2.0.0-beta.3',
28 silly addNameRange     '1.4.28',
28 silly addNameRange     '2.0.0',
28 silly addNameRange     '2.0.1',
28 silly addNameRange     '2.0.2',
28 silly addNameRange     '2.1.0',
28 silly addNameRange     '2.1.1',
28 silly addNameRange     '2.1.2',
28 silly addNameRange     '2.1.3',
28 silly addNameRange     '2.1.4',
28 silly addNameRange     '2.1.5',
28 silly addNameRange     '2.1.6',
28 silly addNameRange     '2.1.7',
28 silly addNameRange     '2.1.8',
28 silly addNameRange     '2.1.9',
28 silly addNameRange     '2.1.10',
28 silly addNameRange     '2.1.11',
28 silly addNameRange     '2.1.12',
28 silly addNameRange     '2.1.13',
28 silly addNameRange     '2.1.14',
28 silly addNameRange     '2.1.15',
28 silly addNameRange     '2.1.16',
28 silly addNameRange     '2.1.17',
28 silly addNameRange     '2.1.18',
28 silly addNameRange     '2.2.0',
28 silly addNameRange     '2.3.0',
28 silly addNameRange     '2.4.0',
28 silly addNameRange     '2.4.1',
28 silly addNameRange     '2.5.0' ] ]
29 verbose addNamed [ 'npm', '2.4.1' ]
30 verbose addNamed [ '2.4.1', '2.4.1' ]
31 silly lockFile 74976cf1-npm-2-4-1 npm@2.4.1
32 verbose lock npm@2.4.1 /home/cameron/.npm/74976cf1-npm-2-4-1.lock
33 silly lockFile 61d2b074-stry-npmjs-org-npm-npm-2-4-1-tgz https://registry.npmjs.org/npm/-/npm-2.4.1.tgz
34 verbose lock https://registry.npmjs.org/npm/-/npm-2.4.1.tgz /home/cameron/.npm/61d2b074-stry-npmjs-org-npm-npm-2-4-1-tgz.lock
35 verbose addRemoteTarball [ 'https://registry.npmjs.org/npm/-/npm-2.4.1.tgz',
35 verbose addRemoteTarball   '0212e03b8ade89bec6a59fc75bc2aa03f94f0f53' ]
36 info retry fetch attempt 1 at 11:17:59
37 verbose fetch to= /tmp/npm-10392-0OlbC0vX/registry.npmjs.org/npm/-/npm-2.4.1.tgz
38 http GET https://registry.npmjs.org/npm/-/npm-2.4.1.tgz
39 http 200 https://registry.npmjs.org/npm/-/npm-2.4.1.tgz
40 silly lockFile 61d2b074-stry-npmjs-org-npm-npm-2-4-1-tgz https://registry.npmjs.org/npm/-/npm-2.4.1.tgz
41 silly lockFile 61d2b074-stry-npmjs-org-npm-npm-2-4-1-tgz https://registry.npmjs.org/npm/-/npm-2.4.1.tgz
42 silly lockFile 74976cf1-npm-2-4-1 npm@2.4.1
43 silly lockFile 74976cf1-npm-2-4-1 npm@2.4.1
44 silly lockFile 2f990b75-npm npm@
45 silly lockFile 2f990b75-npm npm@
46 silly resolved [ { version: '2.4.1',
46 silly resolved     name: 'npm',
46 silly resolved     description: 'A package manager for node',
46 silly resolved     keywords: [ 'package manager', 'modules', 'install', 'package.json' ],
46 silly resolved     preferGlobal: true,
46 silly resolved     config: { publishtest: false },
46 silly resolved     homepage: 'https://docs.npmjs.com/',
46 silly resolved     author:
46 silly resolved      { name: 'Isaac Z. Schlueter',
46 silly resolved        email: 'i@izs.me',
46 silly resolved        url: 'http://blog.izs.me' },
46 silly resolved     repository: { type: 'git', url: 'https://github.com/npm/npm' },
46 silly resolved     bugs:
46 silly resolved      { url: 'http://github.com/npm/npm/issues',
46 silly resolved        email: 'npm-@googlegroups.com' },
46 silly resolved     directories: { doc: './doc', man: './man', lib: './lib', bin: './bin' },
46 silly resolved     main: './lib/npm.js',
46 silly resolved     bin: { npm: './bin/npm-cli.js' },
46 silly resolved     dependencies:
46 silly resolved      { abbrev: '~1.0.5',
46 silly resolved        ansi: '~0.3.0',
46 silly resolved        ansicolors: '~0.3.2',
46 silly resolved        ansistyles: '~0.1.3',
46 silly resolved        archy: '~1.0.0',
46 silly resolved        'async-some': '~1.0.1',
46 silly resolved        'block-stream': '0.0.7',
46 silly resolved        'char-spinner': '~1.0.1',
46 silly resolved        'child-process-close': '~0.1.1',
46 silly resolved        chmodr: '~0.1.0',
46 silly resolved        chownr: '0',
46 silly resolved        'cmd-shim': '~2.0.1',
46 silly resolved        columnify: '~1.3.2',
46 silly resolved        'config-chain': '~1.1.8',
46 silly resolved        dezalgo: '~1.0.1',
46 silly resolved        editor: '~0.1.0',
46 silly resolved        'fs-vacuum': '~1.2.5',
46 silly resolved        'fs-write-stream-atomic': '~1.0.2',
46 silly resolved        fstream: '~1.0.3',
46 silly resolved        'fstream-npm': '~1.0.1',
46 silly resolved        'github-url-from-git': '~1.4.0',
46 silly resolved        'github-url-from-username-repo': '~1.0.2',
46 silly resolved        glob: '~4.3.5',
46 silly resolved        'graceful-fs': '~3.0.5',
46 silly resolved        inflight: '~1.0.4',
46 silly resolved        inherits: '~2.0.1',
46 silly resolved        ini: '~1.3.2',
46 silly resolved        'init-package-json': '~1.2.0',
46 silly resolved        lockfile: '~1.0.0',
46 silly resolved        'lru-cache': '~2.5.0',
46 silly resolved        minimatch: '~2.0.1',
46 silly resolved        mkdirp: '~0.5.0',
46 silly resolved        'node-gyp': '~1.0.2',
46 silly resolved        nopt: '~3.0.1',
46 silly resolved        'normalize-git-url': '~1.0.0',
46 silly resolved        'normalize-package-data': '~1.0.3',
46 silly resolved        'npm-cache-filename': '~1.0.1',
46 silly resolved        'npm-install-checks': '~1.0.5',
46 silly resolved        'npm-package-arg': '~2.1.3',
46 silly resolved        'npm-registry-client': '~6.0.3',
46 silly resolved        'npm-user-validate': '~0.1.1',
46 silly resolved        npmlog: '~0.1.1',
46 silly resolved        once: '~1.3.1',
46 silly resolved        opener: '~1.4.0',
46 silly resolved        osenv: '~0.1.0',
46 silly resolved        'path-is-inside': '~1.0.0',
46 silly resolved        read: '~1.0.4',
46 silly resolved        'read-installed': '~3.1.5',
46 silly resolved        'read-package-json': '~1.2.7',
46 silly resolved        'readable-stream': '~1.0.33',
46 silly resolved        'realize-package-specifier': '~1.3.0',
46 silly resolved        request: '~2.51.0',
46 silly resolved        retry: '~0.6.1',
46 silly resolved        rimraf: '~2.2.8',
46 silly resolved        semver: '~4.2.0',
46 silly resolved        sha: '~1.3.0',
46 silly resolved        slide: '~1.1.6',
46 silly resolved        'sorted-object': '~1.0.0',
46 silly resolved        tar: '~1.0.3',
46 silly resolved        'text-table': '~0.2.0',
46 silly resolved        'uid-number': '0.0.6',
46 silly resolved        umask: '~1.1.0',
46 silly resolved        which: '~1.0.8',
46 silly resolved        wrappy: '~1.0.1',
46 silly resolved        'write-file-atomic': '~1.1.0' },
46 silly resolved     bundleDependencies:
46 silly resolved      [ 'abbrev',
46 silly resolved        'ansi',
46 silly resolved        'ansicolors',
46 silly resolved        'ansistyles',
46 silly resolved        'archy',
46 silly resolved        'async-some',
46 silly resolved        'block-stream',
46 silly resolved        'char-spinner',
46 silly resolved        'child-process-close',
46 silly resolved        'chmodr',
46 silly resolved        'chownr',
46 silly resolved        'cmd-shim',
46 silly resolved        'columnify',
46 silly resolved        'config-chain',
46 silly resolved        'dezalgo',
46 silly resolved        'editor',
46 silly resolved        'fs-vacuum',
46 silly resolved        'fs-write-stream-atomic',
46 silly resolved        'fstream',
46 silly resolved        'fstream-npm',
46 silly resolved        'github-url-from-git',
46 silly resolved        'github-url-from-username-repo',
46 silly resolved        'glob',
46 silly resolved        'graceful-fs',
46 silly resolved        'inflight',
46 silly resolved        'inherits',
46 silly resolved        'ini',
46 silly resolved        'init-package-json',
46 silly resolved        'lockfile',
46 silly resolved        'lru-cache',
46 silly resolved        'minimatch',
46 silly resolved        'mkdirp',
46 silly resolved        'node-gyp',
46 silly resolved        'nopt',
46 silly resolved        'normalize-git-url',
46 silly resolved        'normalize-package-data',
46 silly resolved        'npm-cache-filename',
46 silly resolved        'npm-install-checks',
46 silly resolved        'npm-package-arg',
46 silly resolved        'npm-registry-client',
46 silly resolved        'npm-user-validate',
46 silly resolved        'npmlog',
46 silly resolved        'once',
46 silly resolved        'opener',
46 silly resolved        'osenv',
46 silly resolved        'path-is-inside',
46 silly resolved        'read',
46 silly resolved        'read-installed',
46 silly resolved        'read-package-json',
46 silly resolved        'readable-stream',
46 silly resolved        'realize-package-specifier',
46 silly resolved        'request',
46 silly resolved        'retry',
46 silly resolved        'rimraf',
46 silly resolved        'semver',
46 silly resolved        'sha',
46 silly resolved        'slide',
46 silly resolved        'sorted-object',
46 silly resolved        'tar',
46 silly resolved        'text-table',
46 silly resolved        'uid-number',
46 silly resolved        'umask',
46 silly resolved        'which',
46 silly resolved        'wrappy',
46 silly resolved        'write-file-atomic' ],
46 silly resolved     devDependencies:
46 silly resolved      { marked: '~0.3.2',
46 silly resolved        'marked-man': '~0.1.4',
46 silly resolved        nock: '~0.57.0',
46 silly resolved        'npm-registry-couchapp': '~2.6.2',
46 silly resolved        'npm-registry-mock': '~0.6.3',
46 silly resolved        'require-inject': '~1.1.0',
46 silly resolved        tap: '~0.5.0' },
46 silly resolved     scripts:
46 silly resolved      { 'test-legacy': 'node ./test/run.js',
46 silly resolved        test: 'tap --timeout 120 test/tap/*.js',
46 silly resolved        tap: 'tap --timeout 120 test/tap/*.js',
46 silly resolved        'test-all': 'node ./test/run.js && tap test/tap/*.js',
46 silly resolved        prepublish: 'node bin/npm-cli.js prune --prefix=. --no-global && rm -rf test/*/*/node_modules && make -j8 doc',
46 silly resolved        dumpconf: 'env | grep npm | sort | uniq' },
46 silly resolved     license: 'Artistic-2.0',
46 silly resolved     contributors:
46 silly resolved      [ [Object],
46 silly resolved        [Object],
46 silly resolved        [Object],
46 silly resolved        [Object],
46 silly resolved        [Object],
46 silly resolved        [Object],
46 silly resolved        [Object],
46 silly resolved        [Object],
46 silly resolved        [Object],
46 silly resolved        [Object],
46 silly resolved        [Object],
46 silly resolved        [Object],
46 silly resolved        [Object],
46 silly resolved        [Object],
46 silly resolved        [Object],
46 silly resolved        [Object],
46 silly resolved        [Object],
46 silly resolved        [Object],
46 silly resolved        [Object],
46 silly resolved        [Object],
46 silly resolved        [Object],
46 silly resolved        [Object],
46 silly resolved        [Object],
46 silly resolved        [Object],
46 silly resolved        [Object],
46 silly resolved        [Object],
46 silly resolved        [Object],
46 silly resolved        [Object],
46 silly resolved        [Object],
46 silly resolved        [Object],
46 silly resolved        [Object],
46 silly resolved        [Object],
46 silly resolved        [Object],
46 silly resolved        [Object],
46 silly resolved        [Object],
46 silly resolved        [Object],
46 silly resolved        [Object],
46 silly resolved        [Object],
46 silly resolved        [Object],
46 silly resolved        [Object],
46 silly resolved        [Object],
46 silly resolved        [Object],
46 silly resolved        [Object],
46 silly resolved        [Object],
46 silly resolved        [Object],
46 silly resolved        [Object],
46 silly resolved        [Object],
46 silly resolved        [Object],
46 silly resolved        [Object],
46 silly resolved        [Object],
46 silly resolved        [Object],
46 silly resolved        [Object],
46 silly resolved        [Object],
46 silly resolved        [Object],
46 silly resolved        [Object],
46 silly resolved        [Object],
46 silly resolved        [Object],
46 silly resolved        [Object],
46 silly resolved        [Object],
46 silly resolved        [Object],
46 silly resolved        [Object],
46 silly resolved        [Object],
46 silly resolved        [Object],
46 silly resolved        [Object],
46 silly resolved        [Object],
46 silly resolved        [Object],
46 silly resolved        [Object],
46 silly resolved        [Object],
46 silly resolved        [Object],
46 silly resolved        [Object],
46 silly resolved        [Object],
46 silly resolved        [Object],
46 silly resolved        [Object],
46 silly resolved        [Object],
46 silly resolved        [Object],
46 silly resolved        [Object],
46 silly resolved        [Object],
46 silly resolved        [Object],
46 silly resolved        [Object],
46 silly resolved        [Object],
46 silly resolved        [Object],
46 silly resolved        [Object],
46 silly resolved        [Object],
46 silly resolved        [Object],
46 silly resolved        [Object],
46 silly resolved        [Object],
46 silly resolved        [Object],
46 silly resolved        [Object],
46 silly resolved        [Object],
46 silly resolved        [Object],
46 silly resolved        [Object],
46 silly resolved        [Object],
46 silly resolved        [Object],
46 silly resolved        [Object],
46 silly resolved        [Object],
46 silly resolved        [Object],
46 silly resolved        [Object],
46 silly resolved        [Object],
46 silly resolved        [Object],
46 silly resolved        [Object],
46 silly resolved        [Object],
46 silly resolved        [Object],
46 silly resolved        [Object],
46 silly resolved        [Object],
46 silly resolved        [Object],
46 silly resolved        [Object],
46 silly resolved        [Object],
46 silly resolved        [Object],
46 silly resolved        [Object],
46 silly resolved        [Object],
46 silly resolved        [Object],
46 silly resolved        [Object],
46 silly resolved        [Object],
46 silly resolved        [Object],
46 silly resolved        [Object],
46 silly resolved        [Object],
46 silly resolved        [Object],
46 silly resolved        [Object],
46 silly resolved        [Object],
46 silly resolved        [Object],
46 silly resolved        [Object],
46 silly resolved        [Object],
46 silly resolved        [Object],
46 silly resolved        [Object],
46 silly resolved        [Object],
46 silly resolved        [Object],
46 silly resolved        [Object],
46 silly resolved        [Object],
46 silly resolved        [Object],
46 silly resolved        [Object],
46 silly resolved        [Object],
46 silly resolved        [Object],
46 silly resolved        [Object],
46 silly resolved        [Object],
46 silly resolved        [Object],
46 silly resolved        [Object],
46 silly resolved        [Object],
46 silly resolved        [Object],
46 silly resolved        [Object],
46 silly resolved        [Object],
46 silly resolved        [Object],
46 silly resolved        [Object],
46 silly resolved        [Object],
46 silly resolved        [Object],
46 silly resolved        [Object],
46 silly resolved        [Object],
46 silly resolved        [Object],
46 silly resolved        [Object],
46 silly resolved        [Object],
46 silly resolved        [Object],
46 silly resolved        [Object],
46 silly resolved        [Object],
46 silly resolved        [Object],
46 silly resolved        [Object],
46 silly resolved        [Object],
46 silly resolved        [Object],
46 silly resolved        [Object] ],
46 silly resolved     man:
46 silly resolved      [ '/Users/ogd/Documents/projects/npm/npm/man/man1/npm-README.1',
46 silly resolved        '/Users/ogd/Documents/projects/npm/npm/man/man1/npm-access.1',
46 silly resolved        '/Users/ogd/Documents/projects/npm/npm/man/man1/npm-adduser.1',
46 silly resolved        '/Users/ogd/Documents/projects/npm/npm/man/man1/npm-bin.1',
46 silly resolved        '/Users/ogd/Documents/projects/npm/npm/man/man1/npm-bugs.1',
46 silly resolved        '/Users/ogd/Documents/projects/npm/npm/man/man1/npm-build.1',
46 silly resolved        '/Users/ogd/Documents/projects/npm/npm/man/man1/npm-bundle.1',
46 silly resolved        '/Users/ogd/Documents/projects/npm/npm/man/man1/npm-cache.1',
46 silly resolved        '/Users/ogd/Documents/projects/npm/npm/man/man1/npm-completion.1',
46 silly resolved        '/Users/ogd/Documents/projects/npm/npm/man/man1/npm-config.1',
46 silly resolved        '/Users/ogd/Documents/projects/npm/npm/man/man1/npm-dedupe.1',
46 silly resolved        '/Users/ogd/Documents/projects/npm/npm/man/man1/npm-deprecate.1',
46 silly resolved        '/Users/ogd/Documents/projects/npm/npm/man/man1/npm-dist-tag.1',
46 silly resolved        '/Users/ogd/Documents/projects/npm/npm/man/man1/npm-docs.1',
46 silly resolved        '/Users/ogd/Documents/projects/npm/npm/man/man1/npm-edit.1',
46 silly resolved        '/Users/ogd/Documents/projects/npm/npm/man/man1/npm-explore.1',
46 silly resolved        '/Users/ogd/Documents/projects/npm/npm/man/man1/npm-help-search.1',
46 silly resolved        '/Users/ogd/Documents/projects/npm/npm/man/man1/npm-help.1',
46 silly resolved        '/Users/ogd/Documents/projects/npm/npm/man/man1/npm-init.1',
46 silly resolved        '/Users/ogd/Documents/projects/npm/npm/man/man1/npm-install.1',
46 silly resolved        '/Users/ogd/Documents/projects/npm/npm/man/man1/npm-link.1',
46 silly resolved        '/Users/ogd/Documents/projects/npm/npm/man/man1/npm-ls.1',
46 silly resolved        '/Users/ogd/Documents/projects/npm/npm/man/man1/npm-outdated.1',
46 silly resolved        '/Users/ogd/Documents/projects/npm/npm/man/man1/npm-owner.1',
46 silly resolved        '/Users/ogd/Documents/projects/npm/npm/man/man1/npm-pack.1',
46 silly resolved        '/Users/ogd/Documents/projects/npm/npm/man/man1/npm-prefix.1',
46 silly resolved        '/Users/ogd/Documents/projects/npm/npm/man/man1/npm-prune.1',
46 silly resolved        '/Users/ogd/Documents/projects/npm/npm/man/man1/npm-publish.1',
46 silly resolved        '/Users/ogd/Documents/projects/npm/npm/man/man1/npm-rebuild.1',
46 silly resolved        '/Users/ogd/Documents/projects/npm/npm/man/man1/npm-repo.1',
46 silly resolved        '/Users/ogd/Documents/projects/npm/npm/man/man1/npm-restart.1',
46 silly resolved        '/Users/ogd/Documents/projects/npm/npm/man/man1/npm-rm.1',
46 silly resolved        '/Users/ogd/Documents/projects/npm/npm/man/man1/npm-root.1',
46 silly resolved        '/Users/ogd/Documents/projects/npm/npm/man/man1/npm-run-script.1',
46 silly resolved        '/Users/ogd/Documents/projects/npm/npm/man/man1/npm-search.1',
46 silly resolved        '/Users/ogd/Documents/projects/npm/npm/man/man1/npm-shrinkwrap.1',
46 silly resolved        '/Users/ogd/Documents/projects/npm/npm/man/man1/npm-star.1',
46 silly resolved        '/Users/ogd/Documents/projects/npm/npm/man/man1/npm-stars.1',
46 silly resolved        '/Users/ogd/Documents/projects/npm/npm/man/man1/npm-start.1',
46 silly resolved        '/Users/ogd/Documents/projects/npm/npm/man/man1/npm-stop.1',
46 silly resolved        '/Users/ogd/Documents/projects/npm/npm/man/man1/npm-submodule.1',
46 silly resolved        '/Users/ogd/Documents/projects/npm/npm/man/man1/npm-tag.1',
46 silly resolved        '/Users/ogd/Documents/projects/npm/npm/man/man1/npm-test.1',
46 silly resolved        '/Users/ogd/Documents/projects/npm/npm/man/man1/npm-uninstall.1',
46 silly resolved        '/Users/ogd/Documents/projects/npm/npm/man/man1/npm-unpublish.1',
46 silly resolved        '/Users/ogd/Documents/projects/npm/npm/man/man1/npm-update.1',
46 silly resolved        '/Users/ogd/Documents/projects/npm/npm/man/man1/npm-version.1',
46 silly resolved        '/Users/ogd/Documents/projects/npm/npm/man/man1/npm-view.1',
46 silly resolved        '/Users/ogd/Documents/projects/npm/npm/man/man1/npm-whoami.1',
46 silly resolved        '/Users/ogd/Documents/projects/npm/npm/man/man1/npm.1',
46 silly resolved        '/Users/ogd/Documents/projects/npm/npm/man/man3/npm-bin.3',
46 silly resolved        '/Users/ogd/Documents/projects/npm/npm/man/man3/npm-bugs.3',
46 silly resolved        '/Users/ogd/Documents/projects/npm/npm/man/man3/npm-cache.3',
46 silly resolved        '/Users/ogd/Documents/projects/npm/npm/man/man3/npm-commands.3',
46 silly resolved        '/Users/ogd/Documents/projects/npm/npm/man/man3/npm-config.3',
46 silly resolved        '/Users/ogd/Documents/projects/npm/npm/man/man3/npm-deprecate.3',
46 silly resolved        '/Users/ogd/Documents/projects/npm/npm/man/man3/npm-docs.3',
46 silly resolved        '/Users/ogd/Documents/projects/npm/npm/man/man3/npm-edit.3',
46 silly resolved        '/Users/ogd/Documents/projects/npm/npm/man/man3/npm-explore.3',
46 silly resolved        '/Users/ogd/Documents/projects/npm/npm/man/man3/npm-help-search.3',
46 silly resolved        '/Users/ogd/Documents/projects/npm/npm/man/man3/npm-init.3',
46 silly resolved        '/Users/ogd/Documents/projects/npm/npm/man/man3/npm-install.3',
46 silly resolved        '/Users/ogd/Documents/projects/npm/npm/man/man3/npm-link.3',
46 silly resolved        '/Users/ogd/Documents/projects/npm/npm/man/man3/npm-load.3',
46 silly resolved        '/Users/ogd/Documents/projects/npm/npm/man/man3/npm-ls.3',
46 silly resolved        '/Users/ogd/Documents/projects/npm/npm/man/man3/npm-outdated.3',
46 silly resolved        '/Users/ogd/Documents/projects/npm/npm/man/man3/npm-owner.3',
46 silly resolved        '/Users/ogd/Documents/projects/npm/npm/man/man3/npm-pack.3',
46 silly resolved        '/Users/ogd/Documents/projects/npm/npm/man/man3/npm-prefix.3',
46 silly resolved        '/Users/ogd/Documents/projects/npm/npm/man/man3/npm-prune.3',
46 silly resolved        '/Users/ogd/Documents/projects/npm/npm/man/man3/npm-publish.3',
46 silly resolved        '/Users/ogd/Documents/projects/npm/npm/man/man3/npm-rebuild.3',
46 silly resolved        '/Users/ogd/Documents/projects/npm/npm/man/man3/npm-repo.3',
46 silly resolved        '/Users/ogd/Documents/projects/npm/npm/man/man3/npm-restart.3',
46 silly resolved        '/Users/ogd/Documents/projects/npm/npm/man/man3/npm-root.3',
46 silly resolved        '/Users/ogd/Documents/projects/npm/npm/man/man3/npm-run-script.3',
46 silly resolved        '/Users/ogd/Documents/projects/npm/npm/man/man3/npm-search.3',
46 silly resolved        '/Users/ogd/Documents/projects/npm/npm/man/man3/npm-shrinkwrap.3',
46 silly resolved        '/Users/ogd/Documents/projects/npm/npm/man/man3/npm-start.3',
46 silly resolved        '/Users/ogd/Documents/projects/npm/npm/man/man3/npm-stop.3',
46 silly resolved        '/Users/ogd/Documents/projects/npm/npm/man/man3/npm-submodule.3',
46 silly resolved        '/Users/ogd/Documents/projects/npm/npm/man/man3/npm-tag.3',
46 silly resolved        '/Users/ogd/Documents/projects/npm/npm/man/man3/npm-test.3',
46 silly resolved        '/Users/ogd/Documents/projects/npm/npm/man/man3/npm-uninstall.3',
46 silly resolved        '/Users/ogd/Documents/projects/npm/npm/man/man3/npm-unpublish.3',
46 silly resolved        '/Users/ogd/Documents/projects/npm/npm/man/man3/npm-update.3',
46 silly resolved        '/Users/ogd/Documents/projects/npm/npm/man/man3/npm-version.3',
46 silly resolved        '/Users/ogd/Documents/projects/npm/npm/man/man3/npm-view.3',
46 silly resolved        '/Users/ogd/Documents/projects/npm/npm/man/man3/npm-whoami.3',
46 silly resolved        '/Users/ogd/Documents/projects/npm/npm/man/man3/npm.3',
46 silly resolved        '/Users/ogd/Documents/projects/npm/npm/man/man5/npm-folders.5',
46 silly resolved        '/Users/ogd/Documents/projects/npm/npm/man/man5/npm-global.5',
46 silly resolved        '/Users/ogd/Documents/projects/npm/npm/man/man5/npm-json.5',
46 silly resolved        '/Users/ogd/Documents/projects/npm/npm/man/man5/npmrc.5',
46 silly resolved        '/Users/ogd/Documents/projects/npm/npm/man/man5/package.json.5',
46 silly resolved        '/Users/ogd/Documents/projects/npm/npm/man/man7/npm-coding-style.7',
46 silly resolved        '/Users/ogd/Documents/projects/npm/npm/man/man7/npm-config.7',
46 silly resolved        '/Users/ogd/Documents/projects/npm/npm/man/man7/npm-developers.7',
46 silly resolved        '/Users/ogd/Documents/projects/npm/npm/man/man7/npm-disputes.7',
46 silly resolved        '/Users/ogd/Documents/projects/npm/npm/man/man7/npm-faq.7',
46 silly resolved        '/Users/ogd/Documents/projects/npm/npm/man/man7/npm-index.7',
46 silly resolved        '/Users/ogd/Documents/projects/npm/npm/man/man7/npm-registry.7',
46 silly resolved        '/Users/ogd/Documents/projects/npm/npm/man/man7/npm-scope.7',
46 silly resolved        '/Users/ogd/Documents/projects/npm/npm/man/man7/npm-scripts.7',
46 silly resolved        '/Users/ogd/Documents/projects/npm/npm/man/man7/removing-npm.7',
46 silly resolved        '/Users/ogd/Documents/projects/npm/npm/man/man7/semver.7' ],
46 silly resolved     gitHead: '52d3bf290e5f6f514c1a5c3972166ba75f0fc7be',
46 silly resolved     _id: 'npm@2.4.1',
46 silly resolved     _shasum: '0212e03b8ade89bec6a59fc75bc2aa03f94f0f53',
46 silly resolved     _from: 'npm@',
46 silly resolved     _npmVersion: '2.4.1',
46 silly resolved     _nodeVersion: '0.10.35',
46 silly resolved     _npmUser: { name: 'othiym23', email: 'ogd@aoaioxxysz.net' },
46 silly resolved     maintainers: [ [Object], [Object] ],
46 silly resolved     dist:
46 silly resolved      { shasum: '0212e03b8ade89bec6a59fc75bc2aa03f94f0f53',
46 silly resolved        tarball: 'http://registry.npmjs.org/npm/-/npm-2.4.1.tgz' },
46 silly resolved     _resolved: 'https://registry.npmjs.org/npm/-/npm-2.4.1.tgz' } ]
47 info install npm@2.4.1 into /usr/local/lib
48 info installOne npm@2.4.1
49 verbose lib/node_modules/npm unbuild
50 verbose tar unpack /home/cameron/.npm/npm/2.4.1/package.tgz
51 silly lockFile 3dfa8f63-r-usr-local-lib-node-modules-npm tar:///usr/local/lib/node_modules/npm
52 verbose lock tar:///usr/local/lib/node_modules/npm /home/cameron/.npm/3dfa8f63-r-usr-local-lib-node-modules-npm.lock
53 silly lockFile f850feb8-ameron-npm-npm-2-4-1-package-tgz tar:///home/cameron/.npm/npm/2.4.1/package.tgz
54 verbose lock tar:///home/cameron/.npm/npm/2.4.1/package.tgz /home/cameron/.npm/f850feb8-ameron-npm-npm-2-4-1-package-tgz.lock
55 silly gunzTarPerm modes [ '775', '664' ]
56 error Error: EACCES, mkdir '/usr/local/lib/node_modules'
56 error  { [Error: EACCES, mkdir '/usr/local/lib/node_modules']
56 error   errno: 3,
56 error   code: 'EACCES',
56 error   path: '/usr/local/lib/node_modules',
56 error   fstream_type: 'Directory',
56 error   fstream_path: '/usr/local/lib/node_modules/npm',
56 error   fstream_class: 'DirWriter',
56 error   fstream_stack:
56 error    [ '/usr/lib/nodejs/fstream/lib/writer.js:171:23',
56 error      '/usr/lib/nodejs/mkdirp/index.js:37:53',
56 error      'Object.oncomplete (fs.js:107:15)' ] }
57 error Please try running this command again as root/Administrator.
58 error System Linux 3.16.0-29-generic
59 error command "/usr/bin/nodejs" "/usr/bin/npm" "install" "npm" "-g"
60 error cwd /mnt/hgfs/UbuntuDocuments/aware/OptionPane/public_html
61 error node -v v0.10.25
62 error npm -v 1.4.21
63 error path /usr/local/lib/node_modules
64 error fstream_path /usr/local/lib/node_modules/npm
65 error fstream_type Directory
66 error fstream_class DirWriter
67 error code EACCES
68 error errno 3
69 error stack Error: EACCES, mkdir '/usr/local/lib/node_modules'
70 error fstream_stack /usr/lib/nodejs/fstream/lib/writer.js:171:23
70 error fstream_stack /usr/lib/nodejs/mkdirp/index.js:37:53
70 error fstream_stack Object.oncomplete (fs.js:107:15)
71 verbose exit [ 3, true ]
